#
# There is insufficient memory for the Java Runtime Environment to continue.
# Native memory allocation (mmap) failed to map 65536 bytes for Failed to commit metaspace.
# Possible reasons:
#   The system is out of physical RAM or swap space
#   The process is running with CompressedOops enabled, and the Java Heap may be blocking the growth of the native heap
# Possible solutions:
#   Reduce memory load on the system
#   Increase physical memory or swap space
#   Check if swap backing store is full
#   Decrease Java heap size (-Xmx/-Xms)
#   Decrease number of Java threads
#   Decrease Java thread stack sizes (-Xss)
#   Set larger code cache with -XX:ReservedCodeCacheSize=
#   JVM is running with Zero Based Compressed Oops mode in which the Java heap is
#     placed in the first 32GB address space. The Java Heap base address is the
#     maximum limit for the native heap growth. Please use -XX:HeapBaseMinAddress
#     to set the Java Heap base and to place the Java Heap above 32GB virtual address.
# This output file may be truncated or incomplete.
#
#  Out of Memory Error (virtualSpaceNode.cpp:110), pid=9256, tid=4584
#
# JRE version: Java(TM) SE Runtime Environment (19.0.1+10) (build 19.0.1+10-21)
# Java VM: Java HotSpot(TM) 64-Bit Server VM (19.0.1+10-21, mixed mode, tiered, compressed oops, compressed class ptrs, g1 gc, windows-amd64)
# No core dump will be written. Minidumps are not enabled by default on client versions of Windows
#

---------------  S U M M A R Y ------------

Command Line: -Dmaven.multiModuleProjectDirectory=C:\Users\asus\Desktop\projeCDA\_UDEMY\__mainProject\02-backend\spring-boot-ecommerce -Djansi.passthrough=true -Dmaven.home=C:\Users\asus\.m2\wrapper\dists\apache-maven-3.6.2-bin\795eh28tki48bv3l67maojf0ra\apache-maven-3.6.2 -Dclassworlds.conf=C:\Users\asus\.m2\wrapper\dists\apache-maven-3.6.2-bin\795eh28tki48bv3l67maojf0ra\apache-maven-3.6.2\bin\m2.conf -Dmaven.ext.class.path=D:\PROGRAMS\IntelliJ IDEA Community Edition 2022.3.1\plugins\maven\lib\maven-event-listener.jar -javaagent:D:\PROGRAMS\IntelliJ IDEA Community Edition 2022.3.1\lib\idea_rt.jar=62268:D:\PROGRAMS\IntelliJ IDEA Community Edition 2022.3.1\bin -Dfile.encoding=UTF-8 -Dsun.stdout.encoding=UTF-8 -Dsun.stderr.encoding=UTF-8 org.codehaus.classworlds.Launcher -Didea.version=2022.3.1 clean

Host: Intel(R) Core(TM) i7-7700HQ CPU @ 2.80GHz, 8 cores, 15G,  Windows 10 , 64 bit Build 19041 (10.0.19041.4597)
Time: Tue Aug 13 01:05:00 2024 Romanya Yaz Saati elapsed time: 0.176224 seconds (0d 0h 0m 0s)

---------------  T H R E A D  ---------------

Current thread (0x0000021f9b604ea0):  JavaThread "main" [_thread_in_vm, id=4584, stack(0x0000008a07900000,0x0000008a07a00000)]

Stack: [0x0000008a07900000,0x0000008a07a00000]
Native frames: (J=compiled Java code, j=interpreted, Vv=VM code, C=native code)
V  [jvm.dll+0x6ee8fa]
V  [jvm.dll+0x857a1e]
V  [jvm.dll+0x85940e]
V  [jvm.dll+0x859ac3]
V  [jvm.dll+0x28291f]
V  [jvm.dll+0x85369b]
V  [jvm.dll+0x693276]
V  [jvm.dll+0x6932da]
V  [jvm.dll+0x695bd3]
V  [jvm.dll+0x695a9e]
V  [jvm.dll+0x693c9e]
V  [jvm.dll+0x28015c]
V  [jvm.dll+0x7435dd]
V  [jvm.dll+0x743fdf]
V  [jvm.dll+0x3c9afe]
V  [jvm.dll+0x3c8c74]
V  [jvm.dll+0x3c8c18]
V  [jvm.dll+0x3da41a]
C  0x0000021faaacd327

Java frames: (J=compiled Java code, j=interpreted, Vv=VM code)
j  jdk.internal.module.SystemModules$all.moduleDescriptors()[Ljava/lang/module/ModuleDescriptor;+6 java.base
j  jdk.internal.module.SystemModuleFinders.of(Ljdk/internal/module/SystemModules;)Ljava/lang/module/ModuleFinder;+1 java.base
j  jdk.internal.module.ModuleBootstrap.boot2()Ljava/lang/ModuleLayer;+240 java.base
j  jdk.internal.module.ModuleBootstrap.boot()Ljava/lang/ModuleLayer;+64 java.base
j  java.lang.System.initPhase2(ZZ)I+0 java.base
v  ~StubRoutines::call_stub 0x0000021faaaa100e

---------------  P R O C E S S  ---------------

Threads class SMR info:
_java_thread_list=0x0000021fc2c31c20, length=10, elements={
0x0000021f9b604ea0, 0x0000021fc2c334c0, 0x0000021fc2c34450, 0x0000021fc2c8afb0,
0x0000021fc2c8c8f0, 0x0000021fc2c67600, 0x0000021fc2c680d0, 0x0000021fc2c59260,
0x0000021fc2c59d70, 0x0000021fc2c60060
}

Java Threads: ( => current thread )
=>0x0000021f9b604ea0 JavaThread "main" [_thread_in_vm, id=4584, stack(0x0000008a07900000,0x0000008a07a00000)]
  0x0000021fc2c334c0 JavaThread "Reference Handler" daemon [_thread_blocked, id=7228, stack(0x0000008a08000000,0x0000008a08100000)]
  0x0000021fc2c34450 JavaThread "Finalizer" daemon [_thread_blocked, id=16136, stack(0x0000008a08100000,0x0000008a08200000)]
  0x0000021fc2c8afb0 JavaThread "Signal Dispatcher" daemon [_thread_blocked, id=8424, stack(0x0000008a08200000,0x0000008a08300000)]
  0x0000021fc2c8c8f0 JavaThread "Attach Listener" daemon [_thread_blocked, id=17224, stack(0x0000008a08300000,0x0000008a08400000)]
  0x0000021fc2c67600 JavaThread "Service Thread" daemon [_thread_blocked, id=16772, stack(0x0000008a08400000,0x0000008a08500000)]
  0x0000021fc2c680d0 JavaThread "Monitor Deflation Thread" daemon [_thread_blocked, id=16204, stack(0x0000008a08500000,0x0000008a08600000)]
  0x0000021fc2c59260 JavaThread "C2 CompilerThread0" daemon [_thread_blocked, id=13100, stack(0x0000008a08600000,0x0000008a08700000)]
  0x0000021fc2c59d70 JavaThread "C1 CompilerThread0" daemon [_thread_blocked, id=14884, stack(0x0000008a08700000,0x0000008a08800000)]
  0x0000021fc2c60060 JavaThread "Sweeper thread" daemon [_thread_blocked, id=11772, stack(0x0000008a08800000,0x0000008a08900000)]

Other Threads:
  0x0000021fbea127a0 VMThread "VM Thread" [stack: 0x0000008a07f00000,0x0000008a08000000] [id=7276]
  0x0000021f9b6769c0 WorkerThread "GC Thread#0" [stack: 0x0000008a07a00000,0x0000008a07b00000] [id=8844]
  0x0000021f9b688680 ConcurrentGCThread "G1 Main Marker" [stack: 0x0000008a07b00000,0x0000008a07c00000] [id=17388]
  0x0000021f9b689160 WorkerThread "G1 Conc#0" [stack: 0x0000008a07c00000,0x0000008a07d00000] [id=9484]
  0x0000021f9b6ce4e0 ConcurrentGCThread "G1 Refine#0" [stack: 0x0000008a07d00000,0x0000008a07e00000] [id=14600]
  0x0000021fbe8c0550 ConcurrentGCThread "G1 Service" [stack: 0x0000008a07e00000,0x0000008a07f00000] [id=3736]

Threads with active compile tasks:

VM state: not at safepoint (normal execution)

VM Mutex/Monitor currently owned by a thread:  ([mutex/lock_event])
[0x0000021f9b5ef620] Metaspace_lock - owner thread: 0x0000021f9b604ea0

Heap address: 0x0000000701c00000, size: 4068 MB, Compressed Oops mode: Zero based, Oop shift amount: 3

CDS archive(s) not mapped
Compressed class space mapped at: 0x0000000800000000-0x0000000840000000, reserved size: 1073741824
Narrow klass base: 0x0000000800000000, Narrow klass shift: 0, Narrow klass range: 0x40000000

GC Precious Log:
 CardTable entry size: 512
 Card Set container configuration: InlinePtr #cards 4 size 8 Array Of Cards #cards 16 size 48 Howl #buckets 8 coarsen threshold 3686 Howl Bitmap #cards 512 size 80 coarsen threshold 460 Card regions per heap region 1 cards per card region 4096
 CPUs: 8 total, 8 available
 Memory: 16268M
 Large Page Support: Disabled
 NUMA Support: Disabled
 Compressed Oops: Enabled (Zero based)
 Heap Region Size: 2M
 Heap Min Capacity: 8M
 Heap Initial Capacity: 256M
 Heap Max Capacity: 4068M
 Pre-touch: Disabled
 Parallel Workers: 8
 Concurrent Workers: 2
 Concurrent Refinement Workers: 8
 Periodic GC: Disabled

Heap:
 garbage-first heap   total 262144K, used 0K [0x0000000701c00000, 0x0000000800000000)
  region size 2048K, 1 young (2048K), 0 survivors (0K)
 Metaspace       used 3302K, committed 3328K, reserved 1114112K
  class space    used 230K, committed 256K, reserved 1048576K

Heap Regions: E=young(eden), S=young(survivor), O=old, HS=humongous(starts), HC=humongous(continues), CS=collection set, F=free, OA=open archive, CA=closed archive, TAMS=top-at-mark-start (previous, next)
|   0|0x0000000701c00000, 0x0000000701c00000, 0x0000000701e00000|  0%| F|  |TAMS 0x0000000701c00000, 0x0000000701c00000| Untracked 
|   1|0x0000000701e00000, 0x0000000701e00000, 0x0000000702000000|  0%| F|  |TAMS 0x0000000701e00000, 0x0000000701e00000| Untracked 
|   2|0x0000000702000000, 0x0000000702000000, 0x0000000702200000|  0%| F|  |TAMS 0x0000000702000000, 0x0000000702000000| Untracked 
|   3|0x0000000702200000, 0x0000000702200000, 0x0000000702400000|  0%| F|  |TAMS 0x0000000702200000, 0x0000000702200000| Untracked 
|   4|0x0000000702400000, 0x0000000702400000, 0x0000000702600000|  0%| F|  |TAMS 0x0000000702400000, 0x0000000702400000| Untracked 
|   5|0x0000000702600000, 0x0000000702600000, 0x0000000702800000|  0%| F|  |TAMS 0x0000000702600000, 0x0000000702600000| Untracked 
|   6|0x0000000702800000, 0x0000000702800000, 0x0000000702a00000|  0%| F|  |TAMS 0x0000000702800000, 0x0000000702800000| Untracked 
|   7|0x0000000702a00000, 0x0000000702a00000, 0x0000000702c00000|  0%| F|  |TAMS 0x0000000702a00000, 0x0000000702a00000| Untracked 
|   8|0x0000000702c00000, 0x0000000702c00000, 0x0000000702e00000|  0%| F|  |TAMS 0x0000000702c00000, 0x0000000702c00000| Untracked 
|   9|0x0000000702e00000, 0x0000000702e00000, 0x0000000703000000|  0%| F|  |TAMS 0x0000000702e00000, 0x0000000702e00000| Untracked 
|  10|0x0000000703000000, 0x0000000703000000, 0x0000000703200000|  0%| F|  |TAMS 0x0000000703000000, 0x0000000703000000| Untracked 
|  11|0x0000000703200000, 0x0000000703200000, 0x0000000703400000|  0%| F|  |TAMS 0x0000000703200000, 0x0000000703200000| Untracked 
|  12|0x0000000703400000, 0x0000000703400000, 0x0000000703600000|  0%| F|  |TAMS 0x0000000703400000, 0x0000000703400000| Untracked 
|  13|0x0000000703600000, 0x0000000703600000, 0x0000000703800000|  0%| F|  |TAMS 0x0000000703600000, 0x0000000703600000| Untracked 
|  14|0x0000000703800000, 0x0000000703800000, 0x0000000703a00000|  0%| F|  |TAMS 0x0000000703800000, 0x0000000703800000| Untracked 
|  15|0x0000000703a00000, 0x0000000703a00000, 0x0000000703c00000|  0%| F|  |TAMS 0x0000000703a00000, 0x0000000703a00000| Untracked 
|  16|0x0000000703c00000, 0x0000000703c00000, 0x0000000703e00000|  0%| F|  |TAMS 0x0000000703c00000, 0x0000000703c00000| Untracked 
|  17|0x0000000703e00000, 0x0000000703e00000, 0x0000000704000000|  0%| F|  |TAMS 0x0000000703e00000, 0x0000000703e00000| Untracked 
|  18|0x0000000704000000, 0x0000000704000000, 0x0000000704200000|  0%| F|  |TAMS 0x0000000704000000, 0x0000000704000000| Untracked 
|  19|0x0000000704200000, 0x0000000704200000, 0x0000000704400000|  0%| F|  |TAMS 0x0000000704200000, 0x0000000704200000| Untracked 
|  20|0x0000000704400000, 0x0000000704400000, 0x0000000704600000|  0%| F|  |TAMS 0x0000000704400000, 0x0000000704400000| Untracked 
|  21|0x0000000704600000, 0x0000000704600000, 0x0000000704800000|  0%| F|  |TAMS 0x0000000704600000, 0x0000000704600000| Untracked 
|  22|0x0000000704800000, 0x0000000704800000, 0x0000000704a00000|  0%| F|  |TAMS 0x0000000704800000, 0x0000000704800000| Untracked 
|  23|0x0000000704a00000, 0x0000000704a00000, 0x0000000704c00000|  0%| F|  |TAMS 0x0000000704a00000, 0x0000000704a00000| Untracked 
|  24|0x0000000704c00000, 0x0000000704c00000, 0x0000000704e00000|  0%| F|  |TAMS 0x0000000704c00000, 0x0000000704c00000| Untracked 
|  25|0x0000000704e00000, 0x0000000704e00000, 0x0000000705000000|  0%| F|  |TAMS 0x0000000704e00000, 0x0000000704e00000| Untracked 
|  26|0x0000000705000000, 0x0000000705000000, 0x0000000705200000|  0%| F|  |TAMS 0x0000000705000000, 0x0000000705000000| Untracked 
|  27|0x0000000705200000, 0x0000000705200000, 0x0000000705400000|  0%| F|  |TAMS 0x0000000705200000, 0x0000000705200000| Untracked 
|  28|0x0000000705400000, 0x0000000705400000, 0x0000000705600000|  0%| F|  |TAMS 0x0000000705400000, 0x0000000705400000| Untracked 
|  29|0x0000000705600000, 0x0000000705600000, 0x0000000705800000|  0%| F|  |TAMS 0x0000000705600000, 0x0000000705600000| Untracked 
|  30|0x0000000705800000, 0x0000000705800000, 0x0000000705a00000|  0%| F|  |TAMS 0x0000000705800000, 0x0000000705800000| Untracked 
|  31|0x0000000705a00000, 0x0000000705a00000, 0x0000000705c00000|  0%| F|  |TAMS 0x0000000705a00000, 0x0000000705a00000| Untracked 
|  32|0x0000000705c00000, 0x0000000705c00000, 0x0000000705e00000|  0%| F|  |TAMS 0x0000000705c00000, 0x0000000705c00000| Untracked 
|  33|0x0000000705e00000, 0x0000000705e00000, 0x0000000706000000|  0%| F|  |TAMS 0x0000000705e00000, 0x0000000705e00000| Untracked 
|  34|0x0000000706000000, 0x0000000706000000, 0x0000000706200000|  0%| F|  |TAMS 0x0000000706000000, 0x0000000706000000| Untracked 
|  35|0x0000000706200000, 0x0000000706200000, 0x0000000706400000|  0%| F|  |TAMS 0x0000000706200000, 0x0000000706200000| Untracked 
|  36|0x0000000706400000, 0x0000000706400000, 0x0000000706600000|  0%| F|  |TAMS 0x0000000706400000, 0x0000000706400000| Untracked 
|  37|0x0000000706600000, 0x0000000706600000, 0x0000000706800000|  0%| F|  |TAMS 0x0000000706600000, 0x0000000706600000| Untracked 
|  38|0x0000000706800000, 0x0000000706800000, 0x0000000706a00000|  0%| F|  |TAMS 0x0000000706800000, 0x0000000706800000| Untracked 
|  39|0x0000000706a00000, 0x0000000706a00000, 0x0000000706c00000|  0%| F|  |TAMS 0x0000000706a00000, 0x0000000706a00000| Untracked 
|  40|0x0000000706c00000, 0x0000000706c00000, 0x0000000706e00000|  0%| F|  |TAMS 0x0000000706c00000, 0x0000000706c00000| Untracked 
|  41|0x0000000706e00000, 0x0000000706e00000, 0x0000000707000000|  0%| F|  |TAMS 0x0000000706e00000, 0x0000000706e00000| Untracked 
|  42|0x0000000707000000, 0x0000000707000000, 0x0000000707200000|  0%| F|  |TAMS 0x0000000707000000, 0x0000000707000000| Untracked 
|  43|0x0000000707200000, 0x0000000707200000, 0x0000000707400000|  0%| F|  |TAMS 0x0000000707200000, 0x0000000707200000| Untracked 
|  44|0x0000000707400000, 0x0000000707400000, 0x0000000707600000|  0%| F|  |TAMS 0x0000000707400000, 0x0000000707400000| Untracked 
|  45|0x0000000707600000, 0x0000000707600000, 0x0000000707800000|  0%| F|  |TAMS 0x0000000707600000, 0x0000000707600000| Untracked 
|  46|0x0000000707800000, 0x0000000707800000, 0x0000000707a00000|  0%| F|  |TAMS 0x0000000707800000, 0x0000000707800000| Untracked 
|  47|0x0000000707a00000, 0x0000000707a00000, 0x0000000707c00000|  0%| F|  |TAMS 0x0000000707a00000, 0x0000000707a00000| Untracked 
|  48|0x0000000707c00000, 0x0000000707c00000, 0x0000000707e00000|  0%| F|  |TAMS 0x0000000707c00000, 0x0000000707c00000| Untracked 
|  49|0x0000000707e00000, 0x0000000707e00000, 0x0000000708000000|  0%| F|  |TAMS 0x0000000707e00000, 0x0000000707e00000| Untracked 
|  50|0x0000000708000000, 0x0000000708000000, 0x0000000708200000|  0%| F|  |TAMS 0x0000000708000000, 0x0000000708000000| Untracked 
|  51|0x0000000708200000, 0x0000000708200000, 0x0000000708400000|  0%| F|  |TAMS 0x0000000708200000, 0x0000000708200000| Untracked 
|  52|0x0000000708400000, 0x0000000708400000, 0x0000000708600000|  0%| F|  |TAMS 0x0000000708400000, 0x0000000708400000| Untracked 
|  53|0x0000000708600000, 0x0000000708600000, 0x0000000708800000|  0%| F|  |TAMS 0x0000000708600000, 0x0000000708600000| Untracked 
|  54|0x0000000708800000, 0x0000000708800000, 0x0000000708a00000|  0%| F|  |TAMS 0x0000000708800000, 0x0000000708800000| Untracked 
|  55|0x0000000708a00000, 0x0000000708a00000, 0x0000000708c00000|  0%| F|  |TAMS 0x0000000708a00000, 0x0000000708a00000| Untracked 
|  56|0x0000000708c00000, 0x0000000708c00000, 0x0000000708e00000|  0%| F|  |TAMS 0x0000000708c00000, 0x0000000708c00000| Untracked 
|  57|0x0000000708e00000, 0x0000000708e00000, 0x0000000709000000|  0%| F|  |TAMS 0x0000000708e00000, 0x0000000708e00000| Untracked 
|  58|0x0000000709000000, 0x0000000709000000, 0x0000000709200000|  0%| F|  |TAMS 0x0000000709000000, 0x0000000709000000| Untracked 
|  59|0x0000000709200000, 0x0000000709200000, 0x0000000709400000|  0%| F|  |TAMS 0x0000000709200000, 0x0000000709200000| Untracked 
|  60|0x0000000709400000, 0x0000000709400000, 0x0000000709600000|  0%| F|  |TAMS 0x0000000709400000, 0x0000000709400000| Untracked 
|  61|0x0000000709600000, 0x0000000709600000, 0x0000000709800000|  0%| F|  |TAMS 0x0000000709600000, 0x0000000709600000| Untracked 
|  62|0x0000000709800000, 0x0000000709800000, 0x0000000709a00000|  0%| F|  |TAMS 0x0000000709800000, 0x0000000709800000| Untracked 
|  63|0x0000000709a00000, 0x0000000709a00000, 0x0000000709c00000|  0%| F|  |TAMS 0x0000000709a00000, 0x0000000709a00000| Untracked 
|  64|0x0000000709c00000, 0x0000000709c00000, 0x0000000709e00000|  0%| F|  |TAMS 0x0000000709c00000, 0x0000000709c00000| Untracked 
|  65|0x0000000709e00000, 0x0000000709e00000, 0x000000070a000000|  0%| F|  |TAMS 0x0000000709e00000, 0x0000000709e00000| Untracked 
|  66|0x000000070a000000, 0x000000070a000000, 0x000000070a200000|  0%| F|  |TAMS 0x000000070a000000, 0x000000070a000000| Untracked 
|  67|0x000000070a200000, 0x000000070a200000, 0x000000070a400000|  0%| F|  |TAMS 0x000000070a200000, 0x000000070a200000| Untracked 
|  68|0x000000070a400000, 0x000000070a400000, 0x000000070a600000|  0%| F|  |TAMS 0x000000070a400000, 0x000000070a400000| Untracked 
|  69|0x000000070a600000, 0x000000070a600000, 0x000000070a800000|  0%| F|  |TAMS 0x000000070a600000, 0x000000070a600000| Untracked 
|  70|0x000000070a800000, 0x000000070a800000, 0x000000070aa00000|  0%| F|  |TAMS 0x000000070a800000, 0x000000070a800000| Untracked 
|  71|0x000000070aa00000, 0x000000070aa00000, 0x000000070ac00000|  0%| F|  |TAMS 0x000000070aa00000, 0x000000070aa00000| Untracked 
|  72|0x000000070ac00000, 0x000000070ac00000, 0x000000070ae00000|  0%| F|  |TAMS 0x000000070ac00000, 0x000000070ac00000| Untracked 
|  73|0x000000070ae00000, 0x000000070ae00000, 0x000000070b000000|  0%| F|  |TAMS 0x000000070ae00000, 0x000000070ae00000| Untracked 
|  74|0x000000070b000000, 0x000000070b000000, 0x000000070b200000|  0%| F|  |TAMS 0x000000070b000000, 0x000000070b000000| Untracked 
|  75|0x000000070b200000, 0x000000070b200000, 0x000000070b400000|  0%| F|  |TAMS 0x000000070b200000, 0x000000070b200000| Untracked 
|  76|0x000000070b400000, 0x000000070b400000, 0x000000070b600000|  0%| F|  |TAMS 0x000000070b400000, 0x000000070b400000| Untracked 
|  77|0x000000070b600000, 0x000000070b600000, 0x000000070b800000|  0%| F|  |TAMS 0x000000070b600000, 0x000000070b600000| Untracked 
|  78|0x000000070b800000, 0x000000070b800000, 0x000000070ba00000|  0%| F|  |TAMS 0x000000070b800000, 0x000000070b800000| Untracked 
|  79|0x000000070ba00000, 0x000000070ba00000, 0x000000070bc00000|  0%| F|  |TAMS 0x000000070ba00000, 0x000000070ba00000| Untracked 
|  80|0x000000070bc00000, 0x000000070bc00000, 0x000000070be00000|  0%| F|  |TAMS 0x000000070bc00000, 0x000000070bc00000| Untracked 
|  81|0x000000070be00000, 0x000000070be00000, 0x000000070c000000|  0%| F|  |TAMS 0x000000070be00000, 0x000000070be00000| Untracked 
|  82|0x000000070c000000, 0x000000070c000000, 0x000000070c200000|  0%| F|  |TAMS 0x000000070c000000, 0x000000070c000000| Untracked 
|  83|0x000000070c200000, 0x000000070c200000, 0x000000070c400000|  0%| F|  |TAMS 0x000000070c200000, 0x000000070c200000| Untracked 
|  84|0x000000070c400000, 0x000000070c400000, 0x000000070c600000|  0%| F|  |TAMS 0x000000070c400000, 0x000000070c400000| Untracked 
|  85|0x000000070c600000, 0x000000070c600000, 0x000000070c800000|  0%| F|  |TAMS 0x000000070c600000, 0x000000070c600000| Untracked 
|  86|0x000000070c800000, 0x000000070c800000, 0x000000070ca00000|  0%| F|  |TAMS 0x000000070c800000, 0x000000070c800000| Untracked 
|  87|0x000000070ca00000, 0x000000070ca00000, 0x000000070cc00000|  0%| F|  |TAMS 0x000000070ca00000, 0x000000070ca00000| Untracked 
|  88|0x000000070cc00000, 0x000000070cc00000, 0x000000070ce00000|  0%| F|  |TAMS 0x000000070cc00000, 0x000000070cc00000| Untracked 
|  89|0x000000070ce00000, 0x000000070ce00000, 0x000000070d000000|  0%| F|  |TAMS 0x000000070ce00000, 0x000000070ce00000| Untracked 
|  90|0x000000070d000000, 0x000000070d000000, 0x000000070d200000|  0%| F|  |TAMS 0x000000070d000000, 0x000000070d000000| Untracked 
|  91|0x000000070d200000, 0x000000070d200000, 0x000000070d400000|  0%| F|  |TAMS 0x000000070d200000, 0x000000070d200000| Untracked 
|  92|0x000000070d400000, 0x000000070d400000, 0x000000070d600000|  0%| F|  |TAMS 0x000000070d400000, 0x000000070d400000| Untracked 
|  93|0x000000070d600000, 0x000000070d600000, 0x000000070d800000|  0%| F|  |TAMS 0x000000070d600000, 0x000000070d600000| Untracked 
|  94|0x000000070d800000, 0x000000070d800000, 0x000000070da00000|  0%| F|  |TAMS 0x000000070d800000, 0x000000070d800000| Untracked 
|  95|0x000000070da00000, 0x000000070da00000, 0x000000070dc00000|  0%| F|  |TAMS 0x000000070da00000, 0x000000070da00000| Untracked 
|  96|0x000000070dc00000, 0x000000070dc00000, 0x000000070de00000|  0%| F|  |TAMS 0x000000070dc00000, 0x000000070dc00000| Untracked 
|  97|0x000000070de00000, 0x000000070de00000, 0x000000070e000000|  0%| F|  |TAMS 0x000000070de00000, 0x000000070de00000| Untracked 
|  98|0x000000070e000000, 0x000000070e000000, 0x000000070e200000|  0%| F|  |TAMS 0x000000070e000000, 0x000000070e000000| Untracked 
|  99|0x000000070e200000, 0x000000070e200000, 0x000000070e400000|  0%| F|  |TAMS 0x000000070e200000, 0x000000070e200000| Untracked 
| 100|0x000000070e400000, 0x000000070e400000, 0x000000070e600000|  0%| F|  |TAMS 0x000000070e400000, 0x000000070e400000| Untracked 
| 101|0x000000070e600000, 0x000000070e600000, 0x000000070e800000|  0%| F|  |TAMS 0x000000070e600000, 0x000000070e600000| Untracked 
| 102|0x000000070e800000, 0x000000070e800000, 0x000000070ea00000|  0%| F|  |TAMS 0x000000070e800000, 0x000000070e800000| Untracked 
| 103|0x000000070ea00000, 0x000000070ea00000, 0x000000070ec00000|  0%| F|  |TAMS 0x000000070ea00000, 0x000000070ea00000| Untracked 
| 104|0x000000070ec00000, 0x000000070ec00000, 0x000000070ee00000|  0%| F|  |TAMS 0x000000070ec00000, 0x000000070ec00000| Untracked 
| 105|0x000000070ee00000, 0x000000070ee00000, 0x000000070f000000|  0%| F|  |TAMS 0x000000070ee00000, 0x000000070ee00000| Untracked 
| 106|0x000000070f000000, 0x000000070f000000, 0x000000070f200000|  0%| F|  |TAMS 0x000000070f000000, 0x000000070f000000| Untracked 
| 107|0x000000070f200000, 0x000000070f200000, 0x000000070f400000|  0%| F|  |TAMS 0x000000070f200000, 0x000000070f200000| Untracked 
| 108|0x000000070f400000, 0x000000070f400000, 0x000000070f600000|  0%| F|  |TAMS 0x000000070f400000, 0x000000070f400000| Untracked 
| 109|0x000000070f600000, 0x000000070f600000, 0x000000070f800000|  0%| F|  |TAMS 0x000000070f600000, 0x000000070f600000| Untracked 
| 110|0x000000070f800000, 0x000000070f800000, 0x000000070fa00000|  0%| F|  |TAMS 0x000000070f800000, 0x000000070f800000| Untracked 
| 111|0x000000070fa00000, 0x000000070fa00000, 0x000000070fc00000|  0%| F|  |TAMS 0x000000070fa00000, 0x000000070fa00000| Untracked 
| 112|0x000000070fc00000, 0x000000070fc00000, 0x000000070fe00000|  0%| F|  |TAMS 0x000000070fc00000, 0x000000070fc00000| Untracked 
| 113|0x000000070fe00000, 0x000000070fe00000, 0x0000000710000000|  0%| F|  |TAMS 0x000000070fe00000, 0x000000070fe00000| Untracked 
| 114|0x0000000710000000, 0x0000000710000000, 0x0000000710200000|  0%| F|  |TAMS 0x0000000710000000, 0x0000000710000000| Untracked 
| 115|0x0000000710200000, 0x0000000710200000, 0x0000000710400000|  0%| F|  |TAMS 0x0000000710200000, 0x0000000710200000| Untracked 
| 116|0x0000000710400000, 0x0000000710400000, 0x0000000710600000|  0%| F|  |TAMS 0x0000000710400000, 0x0000000710400000| Untracked 
| 117|0x0000000710600000, 0x0000000710600000, 0x0000000710800000|  0%| F|  |TAMS 0x0000000710600000, 0x0000000710600000| Untracked 
| 118|0x0000000710800000, 0x0000000710800000, 0x0000000710a00000|  0%| F|  |TAMS 0x0000000710800000, 0x0000000710800000| Untracked 
| 119|0x0000000710a00000, 0x0000000710a00000, 0x0000000710c00000|  0%| F|  |TAMS 0x0000000710a00000, 0x0000000710a00000| Untracked 
| 120|0x0000000710c00000, 0x0000000710c00000, 0x0000000710e00000|  0%| F|  |TAMS 0x0000000710c00000, 0x0000000710c00000| Untracked 
| 121|0x0000000710e00000, 0x0000000710e00000, 0x0000000711000000|  0%| F|  |TAMS 0x0000000710e00000, 0x0000000710e00000| Untracked 
| 122|0x0000000711000000, 0x0000000711000000, 0x0000000711200000|  0%| F|  |TAMS 0x0000000711000000, 0x0000000711000000| Untracked 
| 123|0x0000000711200000, 0x0000000711200000, 0x0000000711400000|  0%| F|  |TAMS 0x0000000711200000, 0x0000000711200000| Untracked 
| 124|0x0000000711400000, 0x0000000711400000, 0x0000000711600000|  0%| F|  |TAMS 0x0000000711400000, 0x0000000711400000| Untracked 
| 125|0x0000000711600000, 0x0000000711600000, 0x0000000711800000|  0%| F|  |TAMS 0x0000000711600000, 0x0000000711600000| Untracked 
| 126|0x0000000711800000, 0x0000000711800000, 0x0000000711a00000|  0%| F|  |TAMS 0x0000000711800000, 0x0000000711800000| Untracked 
| 127|0x0000000711a00000, 0x0000000711b52008, 0x0000000711c00000| 66%| E|  |TAMS 0x0000000711a00000, 0x0000000711a00000| Complete 

Card table byte_map: [0x0000021fb30b0000,0x0000021fb38b0000] _byte_map_base: 0x0000021faf8a2000

Marking Bits (Prev, Next): (CMBitMap*) 0x0000021f9b677f10, (CMBitMap*) 0x0000021f9b677f50
 Prev Bits: [0x0000021fb40b0000, 0x0000021fb8040000)
 Next Bits: [0x0000021fb8040000, 0x0000021fbbfd0000)

Polling page: 0x0000021f99530000

Metaspace:

Usage:
  Non-class:      3.00 MB used.
      Class:    230.91 KB used.
       Both:      3.23 MB used.

Virtual space:
  Non-class space:       64.00 MB reserved,       3.00 MB (  5%) committed,  1 nodes.
      Class space:        1.00 GB reserved,     256.00 KB ( <1%) committed,  1 nodes.
             Both:        1.06 GB reserved,       3.25 MB ( <1%) committed. 

Chunk freelists:
   Non-Class:  0 bytes
       Class:  3.75 MB
        Both:  3.75 MB

MaxMetaspaceSize: unlimited
CompressedClassSpaceSize: 1.00 GB
Initial GC threshold: 21.00 MB
Current GC threshold: 21.00 MB
CDS: off
MetaspaceReclaimPolicy: balanced
 - commit_granule_bytes: 65536.
 - commit_granule_words: 8192.
 - virtual_space_node_default_size: 8388608.
 - enlarge_chunks_in_place: 1.
 - new_chunks_are_fully_committed: 0.
 - uncommit_free_chunks: 1.
 - use_allocation_guard: 0.


Internal statistics:

num_allocs_failed_limit: 0.
num_arena_births: 2.
num_arena_deaths: 0.
num_vsnodes_births: 2.
num_vsnodes_deaths: 0.
num_space_committed: 52.
num_space_uncommitted: 0.
num_chunks_returned_to_freelist: 0.
num_chunks_taken_from_freelist: 3.
num_chunk_merges: 0.
num_chunk_splits: 1.
num_chunks_enlarged: 0.
num_inconsistent_stats: 0.

CodeHeap 'non-profiled nmethods': size=120000Kb used=0Kb max_used=0Kb free=120000Kb
 bounds [0x0000021fab040000, 0x0000021fab2b0000, 0x0000021fb2570000]
CodeHeap 'profiled nmethods': size=120000Kb used=6Kb max_used=6Kb free=119993Kb
 bounds [0x0000021fa3570000, 0x0000021fa37e0000, 0x0000021faaaa0000]
CodeHeap 'non-nmethods': size=5760Kb used=1112Kb max_used=1121Kb free=4647Kb
 bounds [0x0000021faaaa0000, 0x0000021faad10000, 0x0000021fab040000]
 total_blobs=289 nmethods=5 adapters=196
 compilation: enabled
              stopped_count=0, restarted_count=0
 full_count=0

Compilation events (10 events):
Event: 0.154 Thread 0x0000021fc2c59d70    1       3       java.lang.StringLatin1::hashCode (42 bytes)
Event: 0.155 Thread 0x0000021fc2c59d70 nmethod 1 0x0000021fa3570010 code [0x0000021fa35701c0, 0x0000021fa3570378]
Event: 0.165 Thread 0x0000021fc2c59d70    4       3       java.lang.String::isLatin1 (19 bytes)
Event: 0.165 Thread 0x0000021fc2c59d70 nmethod 4 0x0000021fa3570490 code [0x0000021fa3570620, 0x0000021fa3570798]
Event: 0.165 Thread 0x0000021fc2c59d70    2       3       java.lang.String::charAt (25 bytes)
Event: 0.166 Thread 0x0000021fc2c59d70 nmethod 2 0x0000021fa3570810 code [0x0000021fa3570a00, 0x0000021fa3570f58]
Event: 0.166 Thread 0x0000021fc2c59d70    3       3       java.lang.String::checkIndex (10 bytes)
Event: 0.166 Thread 0x0000021fc2c59d70 nmethod 3 0x0000021fa3571190 code [0x0000021fa3571320, 0x0000021fa3571458]
Event: 0.167 Thread 0x0000021fc2c59d70    5       3       java.lang.String::hashCode (60 bytes)
Event: 0.167 Thread 0x0000021fc2c59d70 nmethod 5 0x0000021fa3571510 code [0x0000021fa35716e0, 0x0000021fa3571a58]

GC Heap History (0 events):
No events

Dll operation events (2 events):
Event: 0.010 Loaded shared library C:\Program Files\Java\jdk-19\bin\java.dll
Event: 0.065 Loaded shared library C:\Program Files\Java\jdk-19\bin\jsvml.dll

Deoptimization events (0 events):
No events

Classes loaded (20 events):
Event: 0.167 Loading class jdk/internal/module/ArchivedBootLayer
Event: 0.167 Loading class jdk/internal/module/ArchivedBootLayer done
Event: 0.167 Loading class jdk/internal/module/ArchivedModuleGraph
Event: 0.168 Loading class jdk/internal/module/ArchivedModuleGraph done
Event: 0.168 Loading class jdk/internal/module/SystemModuleFinders
Event: 0.168 Loading class jdk/internal/module/SystemModuleFinders done
Event: 0.168 Loading class java/net/URI
Event: 0.170 Loading class java/net/URI done
Event: 0.170 Loading class java/net/URI$1
Event: 0.171 Loading class jdk/internal/access/JavaNetUriAccess
Event: 0.171 Loading class jdk/internal/access/JavaNetUriAccess done
Event: 0.171 Loading class java/net/URI$1 done
Event: 0.171 Loading class jdk/internal/module/SystemModulesMap
Event: 0.172 Loading class jdk/internal/module/SystemModulesMap done
Event: 0.172 Loading class jdk/internal/module/SystemModules$all
Event: 0.174 Loading class jdk/internal/module/SystemModules
Event: 0.174 Loading class jdk/internal/module/SystemModules done
Event: 0.174 Loading class jdk/internal/module/SystemModules$all done
Event: 0.174 Loading class jdk/internal/module/Builder
Event: 0.175 Loading class jdk/internal/module/Builder done

Classes unloaded (0 events):
No events

Classes redefined (0 events):
No events

Internal exceptions (0 events):
No events

VM Operations (0 events):
No events

Events (10 events):
Event: 0.066 Thread 0x0000021f9b604ea0 Thread added: 0x0000021f9b604ea0
Event: 0.146 Thread 0x0000021fc2c334c0 Thread added: 0x0000021fc2c334c0
Event: 0.147 Thread 0x0000021fc2c34450 Thread added: 0x0000021fc2c34450
Event: 0.152 Thread 0x0000021fc2c8afb0 Thread added: 0x0000021fc2c8afb0
Event: 0.152 Thread 0x0000021fc2c8c8f0 Thread added: 0x0000021fc2c8c8f0
Event: 0.152 Thread 0x0000021fc2c67600 Thread added: 0x0000021fc2c67600
Event: 0.152 Thread 0x0000021fc2c680d0 Thread added: 0x0000021fc2c680d0
Event: 0.152 Thread 0x0000021fc2c59260 Thread added: 0x0000021fc2c59260
Event: 0.152 Thread 0x0000021fc2c59d70 Thread added: 0x0000021fc2c59d70
Event: 0.153 Thread 0x0000021fc2c60060 Thread added: 0x0000021fc2c60060


Dynamic libraries:
0x00007ff6dd310000 - 0x00007ff6dd320000 	C:\Program Files\Java\jdk-19\bin\java.exe
0x00007ff80b2d0000 - 0x00007ff80b4c8000 	C:\WINDOWS\SYSTEM32\ntdll.dll
0x00007ff809ad0000 - 0x00007ff809b91000 	C:\WINDOWS\System32\KERNEL32.DLL
0x00007ff808cf0000 - 0x00007ff808fe6000 	C:\WINDOWS\System32\KERNELBASE.dll
0x00007ff808b20000 - 0x00007ff808c20000 	C:\WINDOWS\System32\ucrtbase.dll
0x00007ffffeaa0000 - 0x00007ffffeab8000 	C:\Program Files\Java\jdk-19\bin\jli.dll
0x00007ff8049f0000 - 0x00007ff804a0b000 	C:\Program Files\Java\jdk-19\bin\VCRUNTIME140.dll
0x00007ff80ac40000 - 0x00007ff80acf0000 	C:\WINDOWS\System32\ADVAPI32.dll
0x00007ff8096a0000 - 0x00007ff80973e000 	C:\WINDOWS\System32\msvcrt.dll
0x00007ff809600000 - 0x00007ff8096a0000 	C:\WINDOWS\System32\sechost.dll
0x00007ff809420000 - 0x00007ff809543000 	C:\WINDOWS\System32\RPCRT4.dll
0x00007ff808c90000 - 0x00007ff808cb7000 	C:\WINDOWS\System32\bcrypt.dll
0x00007ff80af10000 - 0x00007ff80b0af000 	C:\WINDOWS\System32\USER32.dll
0x00007ff808cc0000 - 0x00007ff808ce2000 	C:\WINDOWS\System32\win32u.dll
0x00007ffff49c0000 - 0x00007ffff4c5a000 	C:\WINDOWS\WinSxS\amd64_microsoft.windows.common-controls_6595b64144ccf1df_6.0.19041.4355_none_60b8b9eb71f62e16\COMCTL32.dll
0x00007ff809740000 - 0x00007ff80976b000 	C:\WINDOWS\System32\GDI32.dll
0x00007ff808ff0000 - 0x00007ff809107000 	C:\WINDOWS\System32\gdi32full.dll
0x00007ff808a30000 - 0x00007ff808acd000 	C:\WINDOWS\System32\msvcp_win.dll
0x00007ff804d70000 - 0x00007ff804d7a000 	C:\WINDOWS\SYSTEM32\VERSION.dll
0x00007ff809550000 - 0x00007ff80957f000 	C:\WINDOWS\System32\IMM32.DLL
0x00007ff8049e0000 - 0x00007ff8049ec000 	C:\Program Files\Java\jdk-19\bin\vcruntime140_1.dll
0x00007fffebf70000 - 0x00007fffebffe000 	C:\Program Files\Java\jdk-19\bin\msvcp140.dll
0x00007fffb0590000 - 0x00007fffb1250000 	C:\Program Files\Java\jdk-19\bin\server\jvm.dll
0x00007ffff3290000 - 0x00007ffff3299000 	C:\WINDOWS\SYSTEM32\WSOCK32.dll
0x00007ffff4e10000 - 0x00007ffff4e37000 	C:\WINDOWS\SYSTEM32\WINMM.dll
0x00007ff809590000 - 0x00007ff8095fb000 	C:\WINDOWS\System32\WS2_32.dll
0x00007ff8073c0000 - 0x00007ff8073d2000 	C:\WINDOWS\SYSTEM32\kernel.appcore.dll
0x00007ff804440000 - 0x00007ff80444a000 	C:\Program Files\Java\jdk-19\bin\jimage.dll
0x00007ff806e20000 - 0x00007ff807004000 	C:\WINDOWS\SYSTEM32\DBGHELP.DLL
0x00007ffff1a20000 - 0x00007ffff1a54000 	C:\WINDOWS\SYSTEM32\dbgcore.DLL
0x00007ff809110000 - 0x00007ff809192000 	C:\WINDOWS\System32\bcryptPrimitives.dll
0x00007ff802a60000 - 0x00007ff802a6e000 	C:\Program Files\Java\jdk-19\bin\instrument.dll
0x00007ffffb980000 - 0x00007ffffb9a6000 	C:\Program Files\Java\jdk-19\bin\java.dll
0x00007fffebd70000 - 0x00007fffebe47000 	C:\Program Files\Java\jdk-19\bin\jsvml.dll
0x00007ff80a250000 - 0x00007ff80a9bc000 	C:\WINDOWS\System32\SHELL32.dll
0x00007ff8063c0000 - 0x00007ff806b5e000 	C:\WINDOWS\SYSTEM32\windows.storage.dll
0x00007ff809770000 - 0x00007ff809ac3000 	C:\WINDOWS\System32\combase.dll
0x00007ff8083a0000 - 0x00007ff8083ce000 	C:\WINDOWS\SYSTEM32\Wldp.dll
0x00007ff80ae40000 - 0x00007ff80af0d000 	C:\WINDOWS\System32\OLEAUT32.dll
0x00007ff80b160000 - 0x00007ff80b20d000 	C:\WINDOWS\System32\SHCORE.dll
0x00007ff80ab50000 - 0x00007ff80aba5000 	C:\WINDOWS\System32\shlwapi.dll
0x00007ff8088b0000 - 0x00007ff8088d4000 	C:\WINDOWS\SYSTEM32\profapi.dll

dbghelp: loaded successfully - version: 4.0.5 - missing functions: none
symbol engine: initialized successfully - sym options: 0x614 - pdb path: .;C:\Program Files\Java\jdk-19\bin;C:\WINDOWS\SYSTEM32;C:\WINDOWS\WinSxS\amd64_microsoft.windows.common-controls_6595b64144ccf1df_6.0.19041.4355_none_60b8b9eb71f62e16;C:\Program Files\Java\jdk-19\bin\server

VM Arguments:
jvm_args: -Dmaven.multiModuleProjectDirectory=C:\Users\asus\Desktop\projeCDA\_UDEMY\__mainProject\02-backend\spring-boot-ecommerce -Djansi.passthrough=true -Dmaven.home=C:\Users\asus\.m2\wrapper\dists\apache-maven-3.6.2-bin\795eh28tki48bv3l67maojf0ra\apache-maven-3.6.2 -Dclassworlds.conf=C:\Users\asus\.m2\wrapper\dists\apache-maven-3.6.2-bin\795eh28tki48bv3l67maojf0ra\apache-maven-3.6.2\bin\m2.conf -Dmaven.ext.class.path=D:\PROGRAMS\IntelliJ IDEA Community Edition 2022.3.1\plugins\maven\lib\maven-event-listener.jar -javaagent:D:\PROGRAMS\IntelliJ IDEA Community Edition 2022.3.1\lib\idea_rt.jar=62268:D:\PROGRAMS\IntelliJ IDEA Community Edition 2022.3.1\bin -Dfile.encoding=UTF-8 -Dsun.stdout.encoding=UTF-8 -Dsun.stderr.encoding=UTF-8 
java_command: org.codehaus.classworlds.Launcher -Didea.version=2022.3.1 clean
java_class_path (initial): C:\Users\asus\.m2\wrapper\dists\apache-maven-3.6.2-bin\795eh28tki48bv3l67maojf0ra\apache-maven-3.6.2\boot\plexus-classworlds-2.6.0.jar
Launcher Type: SUN_STANDARD

[Global flags]
     intx CICompilerCount                          = 4                                         {product} {ergonomic}
     uint ConcGCThreads                            = 2                                         {product} {ergonomic}
     uint G1ConcRefinementThreads                  = 8                                         {product} {ergonomic}
   size_t G1HeapRegionSize                         = 2097152                                   {product} {ergonomic}
    uintx GCDrainStackTargetSize                   = 64                                        {product} {ergonomic}
   size_t InitialHeapSize                          = 268435456                                 {product} {ergonomic}
   size_t MarkStackSize                            = 4194304                                   {product} {ergonomic}
   size_t MaxHeapSize                              = 4265607168                                {product} {ergonomic}
   size_t MaxNewSize                               = 2558525440                                {product} {ergonomic}
   size_t MinHeapDeltaBytes                        = 2097152                                   {product} {ergonomic}
   size_t MinHeapSize                              = 8388608                                   {product} {ergonomic}
    uintx NonNMethodCodeHeapSize                   = 5839372                                {pd product} {ergonomic}
    uintx NonProfiledCodeHeapSize                  = 122909434                              {pd product} {ergonomic}
    uintx ProfiledCodeHeapSize                     = 122909434                              {pd product} {ergonomic}
    uintx ReservedCodeCacheSize                    = 251658240                              {pd product} {ergonomic}
     bool SegmentedCodeCache                       = true                                      {product} {ergonomic}
   size_t SoftMaxHeapSize                          = 4265607168                             {manageable} {ergonomic}
     bool UseCompressedClassPointers               = true                           {product lp64_product} {ergonomic}
     bool UseCompressedOops                        = true                           {product lp64_product} {ergonomic}
     bool UseG1GC                                  = true                                      {product} {ergonomic}
     bool UseLargePagesIndividualAllocation        = false                                  {pd product} {ergonomic}

Logging:
Log output configuration:
 #0: stdout all=warning uptime,level,tags foldmultilines=false
 #1: stderr all=off uptime,level,tags foldmultilines=false

Environment Variables:
JAVA_HOME=C:\Program Files\Zulu\zulu-11
PATH=C:\Python312\Scripts\;C:\Python312\;C:\Program Files\Zulu\zulu-11\bin\;%AppData%\npm;C:\Program Files\Java\jdk1.8.0_212\bin;C:\Program Files\MySQL\MySQL Server 8.0\bin;C:\Program Files\MySQL\MySQL Shell 8.0\bin;D:\Git\cmd;C:\ProgramData\chocolatey\bin;C:\Users\asus\AppData\Roaming\nvm;C:\Program Files\nodejs;C:\Program Files\nodejs\;C:\Program Files\MySQL\MySQL Shell 8.0\bin\;C:\Users\asus\AppData\Local\Microsoft\WindowsApps;C:\Program Files\Azure Data Studio\bin;D:\PROGRAMS\Microsoft VS Code\bin;C:\Users\asus\AppData\Local\Microsoft\WinGet\Packages\Schniz.fnm_Microsoft.Winget.Source_8wekyb3d8bbwe;C:\Users\asus\AppData\Roaming\nvm;C:\Program Files\nodejs;C:\Users\asus\AppData\Roaming\npm
USERNAME=asus
OS=Windows_NT
PROCESSOR_IDENTIFIER=Intel64 Family 6 Model 158 Stepping 9, GenuineIntel
TMP=C:\Users\asus\AppData\Local\Temp
TEMP=C:\Users\asus\AppData\Local\Temp



---------------  S Y S T E M  ---------------

OS:
 Windows 10 , 64 bit Build 19041 (10.0.19041.4597)
OS uptime: 1 days 2:08 hours
Hyper-V role detected

CPU: total 8 (initial active 8) (4 cores per cpu, 2 threads per core) family 6 model 158 stepping 9 microcode 0xb4, cx8, cmov, fxsr, ht, mmx, 3dnowpref, sse, sse2, sse3, ssse3, sse4.1, sse4.2, popcnt, lzcnt, tsc, tscinvbit, avx, avx2, aes, erms, clmul, bmi1, bmi2, adx, fma, vzeroupper, clflush, clflushopt, hv, rdtscp

Memory: 4k page, system-wide physical 16268M (3150M free)
TotalPageFile size 16268M (AvailPageFile size 4M)
current process WorkingSet (physical memory assigned to process): 24M, peak: 24M
current process commit charge ("private bytes"): 334M, peak: 334M

vm_info: Java HotSpot(TM) 64-Bit Server VM (19.0.1+10-21) for windows-amd64 JRE (19.0.1+10-21), built on 2022-09-14T12:45:06Z by "mach5one" with MS VC++ 17.1 (VS2022)

END.
