#
# There is insufficient memory for the Java Runtime Environment to continue.
# Native memory allocation (mmap) failed to map 268435456 bytes for G1 virtual space
# Possible reasons:
#   The system is out of physical RAM or swap space
#   The process is running with CompressedOops enabled, and the Java Heap may be blocking the growth of the native heap
# Possible solutions:
#   Reduce memory load on the system
#   Increase physical memory or swap space
#   Check if swap backing store is full
#   Decrease Java heap size (-Xmx/-Xms)
#   Decrease number of Java threads
#   Decrease Java thread stack sizes (-Xss)
#   Set larger code cache with -XX:ReservedCodeCacheSize=
#   JVM is running with Zero Based Compressed Oops mode in which the Java heap is
#     placed in the first 32GB address space. The Java Heap base address is the
#     maximum limit for the native heap growth. Please use -XX:HeapBaseMinAddress
#     to set the Java Heap base and to place the Java Heap above 32GB virtual address.
# This output file may be truncated or incomplete.
#
#  Out of Memory Error (os_windows.cpp:3527), pid=14972, tid=15120
#
# JRE version:  (19.0.1+10) (build )
# Java VM: Java HotSpot(TM) 64-Bit Server VM (19.0.1+10-21, mixed mode, sharing, tiered, compressed oops, compressed class ptrs, g1 gc, windows-amd64)
# No core dump will be written. Minidumps are not enabled by default on client versions of Windows
#

---------------  S U M M A R Y ------------

Command Line: C:\Users\asus\AppData\Local\Temp\surefire11254777602196321980\surefirebooter9983065564835578990.jar C:\Users\asus\AppData\Local\Temp\surefire11254777602196321980 2024-08-13T01-02-15_200-jvmRun1 surefire9573917208305188080tmp surefire_013434797045785556783tmp

Host: Intel(R) Core(TM) i7-7700HQ CPU @ 2.80GHz, 8 cores, 15G,  Windows 10 , 64 bit Build 19041 (10.0.19041.4597)
Time: Tue Aug 13 01:02:15 2024 Romanya Yaz Saati elapsed time: 0.010504 seconds (0d 0h 0m 0s)

---------------  T H R E A D  ---------------

Current thread (0x000001bc381f5360):  JavaThread "Unknown thread" [_thread_in_vm, id=15120, stack(0x0000009ae4900000,0x0000009ae4a00000)]

Stack: [0x0000009ae4900000,0x0000009ae4a00000]
Native frames: (J=compiled Java code, j=interpreted, Vv=VM code, C=native code)
V  [jvm.dll+0x6ee8fa]
V  [jvm.dll+0x857a1e]
V  [jvm.dll+0x85940e]
V  [jvm.dll+0x859ac3]
V  [jvm.dll+0x28291f]
V  [jvm.dll+0x6eb6e9]
V  [jvm.dll+0x6e028a]
V  [jvm.dll+0x357136]
V  [jvm.dll+0x35eb96]
V  [jvm.dll+0x3b555e]
V  [jvm.dll+0x3b578f]
V  [jvm.dll+0x32c6ea]
V  [jvm.dll+0x32d59e]
V  [jvm.dll+0x821b20]
V  [jvm.dll+0x3c27c1]
V  [jvm.dll+0x8022f1]
V  [jvm.dll+0x44b30f]
V  [jvm.dll+0x44cc91]
C  [jli.dll+0x5287]
C  [ucrtbase.dll+0x21bb2]
C  [KERNEL32.DLL+0x17374]
C  [ntdll.dll+0x4cc91]


---------------  P R O C E S S  ---------------

Threads class SMR info:
_java_thread_list=0x00007fffb110d048, length=0, elements={
}

Java Threads: ( => current thread )

Other Threads:
  0x000001bc382630b0 WorkerThread "GC Thread#0" [stack: 0x0000009ae4a00000,0x0000009ae4b00000] [id=15460]
  0x000001bc38274e10 ConcurrentGCThread "G1 Main Marker" [stack: 0x0000009ae4b00000,0x0000009ae4c00000] [id=1600]
  0x000001bc38275df0 WorkerThread "G1 Conc#0" [stack: 0x0000009ae4c00000,0x0000009ae4d00000] [id=15572]

[error occurred during error reporting (printing all threads), id 0xc0000005, EXCEPTION_ACCESS_VIOLATION (0xc0000005) at pc=0x00007fffb08cd127]

VM state: not at safepoint (not fully initialized)

VM Mutex/Monitor currently owned by a thread:  ([mutex/lock_event])
[0x000001bc381ef7d0] Heap_lock - owner thread: 0x000001bc381f5360

Heap address: 0x0000000701c00000, size: 4068 MB, Compressed Oops mode: Zero based, Oop shift amount: 3

CDS archive(s) mapped at: [0x0000000000000000-0x0000000000000000-0x0000000000000000), size 0, SharedBaseAddress: 0x0000000800000000, ArchiveRelocationMode: 0.
Narrow klass base: 0x0000000000000000, Narrow klass shift: 0, Narrow klass range: 0x0

GC Precious Log:
 CardTable entry size: 512
 Card Set container configuration: InlinePtr #cards 4 size 8 Array Of Cards #cards 16 size 48 Howl #buckets 8 coarsen threshold 3686 Howl Bitmap #cards 512 size 80 coarsen threshold 460 Card regions per heap region 1 cards per card region 4096

Heap:
 garbage-first heap   total 0K, used 0K [0x0000000701c00000, 0x0000000800000000)
  region size 2048K, 0 young (0K), 0 survivors (0K)

[error occurred during error reporting (printing heap information), id 0xc0000005, EXCEPTION_ACCESS_VIOLATION (0xc0000005) at pc=0x00007fffb0cd6959]

GC Heap History (0 events):
No events

Dll operation events (1 events):
Event: 0.006 Loaded shared library C:\Program Files\Java\jdk-19\bin\java.dll

Deoptimization events (0 events):
No events

Classes loaded (0 events):
No events

Classes unloaded (0 events):
No events

Classes redefined (0 events):
No events

Internal exceptions (0 events):
No events

VM Operations (0 events):
No events

Events (0 events):
No events


Dynamic libraries:
0x00007ff6dd310000 - 0x00007ff6dd320000 	C:\Program Files\Java\jdk-19\bin\java.exe
0x00007ff80b2d0000 - 0x00007ff80b4c8000 	C:\WINDOWS\SYSTEM32\ntdll.dll
0x00007ff809ad0000 - 0x00007ff809b91000 	C:\WINDOWS\System32\KERNEL32.DLL
0x00007ff808cf0000 - 0x00007ff808fe6000 	C:\WINDOWS\System32\KERNELBASE.dll
0x00007ff808b20000 - 0x00007ff808c20000 	C:\WINDOWS\System32\ucrtbase.dll
0x00007ffffeaa0000 - 0x00007ffffeab8000 	C:\Program Files\Java\jdk-19\bin\jli.dll
0x00007ff8049f0000 - 0x00007ff804a0b000 	C:\Program Files\Java\jdk-19\bin\VCRUNTIME140.dll
0x00007ff80ac40000 - 0x00007ff80acf0000 	C:\WINDOWS\System32\ADVAPI32.dll
0x00007ff8096a0000 - 0x00007ff80973e000 	C:\WINDOWS\System32\msvcrt.dll
0x00007ff809600000 - 0x00007ff8096a0000 	C:\WINDOWS\System32\sechost.dll
0x00007ff809420000 - 0x00007ff809543000 	C:\WINDOWS\System32\RPCRT4.dll
0x00007ff808c90000 - 0x00007ff808cb7000 	C:\WINDOWS\System32\bcrypt.dll
0x00007ff80af10000 - 0x00007ff80b0af000 	C:\WINDOWS\System32\USER32.dll
0x00007ffff49c0000 - 0x00007ffff4c5a000 	C:\WINDOWS\WinSxS\amd64_microsoft.windows.common-controls_6595b64144ccf1df_6.0.19041.4355_none_60b8b9eb71f62e16\COMCTL32.dll
0x00007ff808cc0000 - 0x00007ff808ce2000 	C:\WINDOWS\System32\win32u.dll
0x00007ff809740000 - 0x00007ff80976b000 	C:\WINDOWS\System32\GDI32.dll
0x00007ff808ff0000 - 0x00007ff809107000 	C:\WINDOWS\System32\gdi32full.dll
0x00007ff808a30000 - 0x00007ff808acd000 	C:\WINDOWS\System32\msvcp_win.dll
0x00007ff804d70000 - 0x00007ff804d7a000 	C:\WINDOWS\SYSTEM32\VERSION.dll
0x00007ff809550000 - 0x00007ff80957f000 	C:\WINDOWS\System32\IMM32.DLL
0x00007ff8049e0000 - 0x00007ff8049ec000 	C:\Program Files\Java\jdk-19\bin\vcruntime140_1.dll
0x00007fffebf70000 - 0x00007fffebffe000 	C:\Program Files\Java\jdk-19\bin\msvcp140.dll
0x00007fffb0590000 - 0x00007fffb1250000 	C:\Program Files\Java\jdk-19\bin\server\jvm.dll
0x00007ffff3290000 - 0x00007ffff3299000 	C:\WINDOWS\SYSTEM32\WSOCK32.dll
0x00007ffff4e10000 - 0x00007ffff4e37000 	C:\WINDOWS\SYSTEM32\WINMM.dll
0x00007ff809590000 - 0x00007ff8095fb000 	C:\WINDOWS\System32\WS2_32.dll
0x00007ff8073c0000 - 0x00007ff8073d2000 	C:\WINDOWS\SYSTEM32\kernel.appcore.dll
0x00007ff804440000 - 0x00007ff80444a000 	C:\Program Files\Java\jdk-19\bin\jimage.dll
0x00007ff806e20000 - 0x00007ff807004000 	C:\WINDOWS\SYSTEM32\DBGHELP.DLL
0x00007ffff1a20000 - 0x00007ffff1a54000 	C:\WINDOWS\SYSTEM32\dbgcore.DLL
0x00007ff809110000 - 0x00007ff809192000 	C:\WINDOWS\System32\bcryptPrimitives.dll
0x00007ffffb980000 - 0x00007ffffb9a6000 	C:\Program Files\Java\jdk-19\bin\java.dll

dbghelp: loaded successfully - version: 4.0.5 - missing functions: none
symbol engine: initialized successfully - sym options: 0x614 - pdb path: .;C:\Program Files\Java\jdk-19\bin;C:\WINDOWS\SYSTEM32;C:\WINDOWS\WinSxS\amd64_microsoft.windows.common-controls_6595b64144ccf1df_6.0.19041.4355_none_60b8b9eb71f62e16;C:\Program Files\Java\jdk-19\bin\server

VM Arguments:
java_command: C:\Users\asus\AppData\Local\Temp\surefire11254777602196321980\surefirebooter9983065564835578990.jar C:\Users\asus\AppData\Local\Temp\surefire11254777602196321980 2024-08-13T01-02-15_200-jvmRun1 surefire9573917208305188080tmp surefire_013434797045785556783tmp
java_class_path (initial): C:\Users\asus\AppData\Local\Temp\surefire11254777602196321980\surefirebooter9983065564835578990.jar
Launcher Type: SUN_STANDARD

[Global flags]
     intx CICompilerCount                          = 4                                         {product} {ergonomic}
     uint ConcGCThreads                            = 2                                         {product} {ergonomic}
     uint G1ConcRefinementThreads                  = 8                                         {product} {ergonomic}
   size_t G1HeapRegionSize                         = 2097152                                   {product} {ergonomic}
    uintx GCDrainStackTargetSize                   = 64                                        {product} {ergonomic}
   size_t InitialHeapSize                          = 268435456                                 {product} {ergonomic}
   size_t MarkStackSize                            = 4194304                                   {product} {ergonomic}
   size_t MaxHeapSize                              = 4265607168                                {product} {ergonomic}
   size_t MinHeapDeltaBytes                        = 2097152                                   {product} {ergonomic}
   size_t MinHeapSize                              = 8388608                                   {product} {ergonomic}
    uintx NonNMethodCodeHeapSize                   = 5839372                                {pd product} {ergonomic}
    uintx NonProfiledCodeHeapSize                  = 122909434                              {pd product} {ergonomic}
    uintx ProfiledCodeHeapSize                     = 122909434                              {pd product} {ergonomic}
    uintx ReservedCodeCacheSize                    = 251658240                              {pd product} {ergonomic}
     bool SegmentedCodeCache                       = true                                      {product} {ergonomic}
   size_t SoftMaxHeapSize                          = 4265607168                             {manageable} {ergonomic}
     bool UseCompressedClassPointers               = true                           {product lp64_product} {ergonomic}
     bool UseCompressedOops                        = true                           {product lp64_product} {ergonomic}
     bool UseG1GC                                  = true                                      {product} {ergonomic}
     bool UseLargePagesIndividualAllocation        = false                                  {pd product} {ergonomic}

Logging:
Log output configuration:
 #0: stdout all=warning uptime,level,tags foldmultilines=false
 #1: stderr all=off uptime,level,tags foldmultilines=false

Environment Variables:
JAVA_HOME=C:\Program Files\Zulu\zulu-11
PATH=C:\Python312\Scripts\;C:\Python312\;C:\Program Files\Zulu\zulu-11\bin\;%AppData%\npm;C:\Program Files\Java\jdk1.8.0_212\bin;C:\Program Files\MySQL\MySQL Server 8.0\bin;C:\Program Files\MySQL\MySQL Shell 8.0\bin;D:\Git\cmd;C:\ProgramData\chocolatey\bin;C:\Users\asus\AppData\Roaming\nvm;C:\Program Files\nodejs;C:\Program Files\nodejs\;C:\Program Files\MySQL\MySQL Shell 8.0\bin\;C:\Users\asus\AppData\Local\Microsoft\WindowsApps;C:\Program Files\Azure Data Studio\bin;D:\PROGRAMS\Microsoft VS Code\bin;C:\Users\asus\AppData\Local\Microsoft\WinGet\Packages\Schniz.fnm_Microsoft.Winget.Source_8wekyb3d8bbwe;C:\Users\asus\AppData\Roaming\nvm;C:\Program Files\nodejs;C:\Users\asus\AppData\Roaming\npm
USERNAME=asus
OS=Windows_NT
PROCESSOR_IDENTIFIER=Intel64 Family 6 Model 158 Stepping 9, GenuineIntel
TMP=C:\Users\asus\AppData\Local\Temp
TEMP=C:\Users\asus\AppData\Local\Temp



---------------  S Y S T E M  ---------------

OS:
 Windows 10 , 64 bit Build 19041 (10.0.19041.4597)
OS uptime: 1 days 2:05 hours
Hyper-V role detected

CPU: total 8 (initial active 8) (4 cores per cpu, 2 threads per core) family 6 model 158 stepping 9 microcode 0xb4, cx8, cmov, fxsr, ht, mmx, 3dnowpref, sse, sse2, sse3, ssse3, sse4.1, sse4.2, popcnt, lzcnt, tsc, tscinvbit, avx, avx2, aes, erms, clmul, bmi1, bmi2, adx, fma, vzeroupper, clflush, clflushopt, hv, rdtscp

Memory: 4k page, system-wide physical 16268M (2828M free)
TotalPageFile size 16268M (AvailPageFile size 120M)
current process WorkingSet (physical memory assigned to process): 10M, peak: 10M
current process commit charge ("private bytes"): 60M, peak: 316M

vm_info: Java HotSpot(TM) 64-Bit Server VM (19.0.1+10-21) for windows-amd64 JRE (19.0.1+10-21), built on 2022-09-14T12:45:06Z by "mach5one" with MS VC++ 17.1 (VS2022)

END.
